fn main: 57ms
fn main: 24ms
fn main: 30ms
fn main: 30ms
fn main: 25ms
fn main: 26ms
fn main: 36ms
Application startup: 27ms
File discovery: 32ms
File processing: 1ms
File flush: 0ms
Total conversion: 34ms
Application startup: 15ms
File discovery: 29ms
File processing: 2ms
File flush: 0ms
Total conversion: 31ms
Application startup: 24ms
File discovery: 23ms
File processing: 2ms
File flush: 0ms
Total conversion: 25ms
Application startup: 13ms
File discovery: 23ms
File processing: 2ms
File flush: 0ms
Total conversion: 26ms
Application startup: 10ms
File discovery: 22ms
File processing: 1ms
File flush: 0ms
Total conversion: 24ms
Application startup: 16ms
File discovery: 21ms
File processing: 2ms
File flush: 0ms
Total conversion: 24ms
Application startup: 10ms
File discovery: 20ms
File processing: 2ms
File flush: 0ms
Total conversion: 23ms
Application startup: 12ms
File discovery: 22ms
File processing: 1ms
File flush: 0ms
Total conversion: 24ms
Application startup: 12ms
File discovery: 23ms
File processing: 1ms
File flush: 0ms
Total conversion: 25ms
Application startup: 24ms
File discovery: 34ms
File processing: 1ms
File flush: 0ms
Total conversion: 37ms
Application startup: 15ms
File discovery: 25ms
File processing: 1ms
File flush: 0ms
Total conversion: 28ms
Application startup: 17ms
File discovery: 21ms
File processing: 1ms
File flush: 0ms
Total conversion: 24ms
Application startup: 9ms
File discovery: 18ms
File processing: 1ms
File flush: 0ms
Total conversion: 20ms
Application startup: 20ms
File discovery: 17ms
File processing: 0ms
File flush: 0ms
Total conversion: 18ms
Application startup: 18ms
File discovery: 17ms
File processing: 0ms
File flush: 0ms
Total conversion: 18ms
Application startup: 10ms
File discovery: 24ms
File processing: 1ms
File flush: 0ms
Total conversion: 26ms
Application startup: 20ms
File discovery: 20ms
File processing: 1ms
File flush: 0ms
Total conversion: 22ms
Application startup: 15ms
File discovery: 14ms
File processing: 0ms
File flush: 0ms
Total conversion: 15ms
